\BOOKMARK [1][-]{section.1}{\376\377\000S\000i\000s\000t\000e\000m\000a\000\040\000d\000i\000\040\000r\000i\000f\000e\000r\000i\000m\000e\000n\000t\000o}{}% 1
\BOOKMARK [2][-]{subsection.1.1}{\376\377\000S\000p\000a\000z\000i\000o\000\040\000c\000a\000r\000t\000e\000s\000i\000a\000n\000o}{section.1}% 2
\BOOKMARK [1][-]{section.2}{\376\377\000G\000r\000a\000n\000d\000e\000z\000z\000e}{}% 3
\BOOKMARK [2][-]{subsection.2.1}{\376\377\000G\000r\000a\000n\000d\000e\000z\000z\000e\000\040\000s\000c\000a\000l\000a\000r\000i}{section.2}% 4
\BOOKMARK [2][-]{subsection.2.2}{\376\377\000G\000r\000a\000n\000d\000e\000z\000z\000e\000\040\000v\000e\000t\000t\000o\000r\000i\000a\000l\000i}{section.2}% 5
\BOOKMARK [3][-]{subsubsection.2.2.1}{\376\377\000S\000c\000o\000m\000p\000o\000s\000i\000z\000i\000o\000n\000e\000\040\000d\000i\000\040\000u\000n\000\040\000v\000e\000t\000t\000o\000r\000e}{subsection.2.2}% 6
\BOOKMARK [3][-]{subsubsection.2.2.2}{\376\377\000V\000e\000r\000s\000o\000r\000i}{subsection.2.2}% 7
\BOOKMARK [3][-]{subsubsection.2.2.3}{\376\377\000S\000o\000m\000m\000a\000\040\000d\000i\000\040\000v\000e\000t\000t\000o\000r\000i}{subsection.2.2}% 8
\BOOKMARK [3][-]{subsubsection.2.2.4}{\376\377\000D\000i\000f\000f\000e\000r\000e\000n\000z\000a\000\040\000d\000i\000\040\000v\000e\000t\000t\000o\000r\000i}{subsection.2.2}% 9
\BOOKMARK [2][-]{subsection.2.3}{\376\377\000R\000a\000p\000p\000o\000r\000t\000i\000\040\000t\000r\000i\000g\000o\000n\000o\000m\000e\000t\000r\000i\000c\000i}{section.2}% 10
\BOOKMARK [2][-]{subsection.2.4}{\376\377\000P\000r\000o\000d\000o\000t\000t\000o\000\040\000s\000c\000a\000l\000a\000r\000e}{section.2}% 11
\BOOKMARK [3][-]{subsubsection.2.4.1}{\376\377\000P\000r\000o\000d\000o\000t\000t\000o\000\040\000s\000c\000a\000l\000a\000r\000e\000\040\000t\000r\000a\000m\000i\000t\000e\000\040\000c\000o\000m\000p\000o\000n\000e\000n\000t\000i}{subsection.2.4}% 12
\BOOKMARK [2][-]{subsection.2.5}{\376\377\000P\000r\000o\000d\000o\000t\000t\000o\000\040\000v\000e\000t\000t\000o\000r\000i\000a\000l\000e}{section.2}% 13
\BOOKMARK [1][-]{section.3}{\376\377\000M\000o\000t\000o\000\040\000i\000n\000\040\000u\000n\000a\000\040\000d\000i\000m\000e\000n\000s\000i\000o\000n\000e}{}% 14
\BOOKMARK [2][-]{subsection.3.1}{\376\377\000P\000o\000s\000i\000z\000i\000o\000n\000,\000\040\000d\000i\000s\000t\000a\000n\000z\000a\000\040\000e\000\040\000s\000p\000o\000s\000t\000a\000m\000e\000n\000t\000o}{section.3}% 15
\BOOKMARK [2][-]{subsection.3.2}{\376\377\000V\000e\000l\000o\000c\000i\000t\000\340}{section.3}% 16
\BOOKMARK [3][-]{subsubsection.3.2.1}{\376\377\000V\000e\000l\000o\000c\000i\000t\000\340\000\040\000m\000e\000d\000i\000a}{subsection.3.2}% 17
\BOOKMARK [3][-]{subsubsection.3.2.2}{\376\377\000V\000e\000l\000o\000c\000i\000t\000\340\000\040\000i\000s\000t\000a\000n\000t\000a\000n\000e\000a}{subsection.3.2}% 18
\BOOKMARK [2][-]{subsection.3.3}{\376\377\000A\000c\000c\000e\000l\000e\000r\000a\000z\000i\000o\000n\000e}{section.3}% 19
\BOOKMARK [3][-]{subsubsection.3.3.1}{\376\377\000A\000c\000c\000e\000l\000e\000r\000a\000z\000i\000o\000n\000e\000\040\000m\000e\000d\000i\000a}{subsection.3.3}% 20
