\BOOKMARK [1][-]{section.1}{\376\377\000I\000n\000t\000r\000o\000d\000u\000z\000i\000o\000n\000e}{}% 1
\BOOKMARK [2][-]{subsection.1.1}{\376\377\000N\000u\000m\000e\000r\000i\000\040\000r\000e\000a\000l\000i}{section.1}% 2
\BOOKMARK [2][-]{subsection.1.2}{\376\377\000M\000a\000g\000g\000i\000o\000r\000a\000n\000t\000e}{section.1}% 3
\BOOKMARK [2][-]{subsection.1.3}{\376\377\000M\000i\000n\000o\000r\000a\000n\000t\000e}{section.1}% 4
\BOOKMARK [2][-]{subsection.1.4}{\376\377\000E\000s\000t\000r\000e\000m\000o\000\040\000s\000u\000p\000e\000r\000i\000o\000r\000e}{section.1}% 5
\BOOKMARK [2][-]{subsection.1.5}{\376\377\000E\000s\000t\000r\000e\000m\000o\000\040\000i\000n\000f\000e\000r\000i\000o\000r\000e}{section.1}% 6
\BOOKMARK [2][-]{subsection.1.6}{\376\377\000M\000a\000s\000s\000i\000m\000o}{section.1}% 7
\BOOKMARK [2][-]{subsection.1.7}{\376\377\000M\000i\000n\000i\000m\000o}{section.1}% 8
\BOOKMARK [2][-]{subsection.1.8}{\376\377\000F\000u\000n\000z\000i\000o\000n\000i}{section.1}% 9
\BOOKMARK [3][-]{subsubsection.1.8.1}{\376\377\000D\000o\000m\000i\000n\000i\000o\000\040\000d\000i\000\040\000u\000n\000a\000\040\000f\000u\000n\000z\000i\000o\000n\000e}{subsection.1.8}% 10
\BOOKMARK [1][-]{section.2}{\376\377\000L\000i\000m\000i\000t\000i}{}% 11
\BOOKMARK [2][-]{subsection.2.1}{\376\377\000E\000s\000e\000m\000p\000i}{section.2}% 12
\BOOKMARK [2][-]{subsection.2.2}{\376\377\000O\000s\000s\000e\000r\000v\000a\000z\000i\000o\000n\000i}{section.2}% 13
\BOOKMARK [2][-]{subsection.2.3}{\376\377\000R\000i\000s\000u\000l\000t\000a\000t\000i\000\040\000u\000t\000i\000l\000i\000\040\000p\000e\000r\000\040\000i\000l\000\040\000c\000a\000l\000c\000o\000l\000o\000\040\000d\000e\000i\000\040\000l\000i\000m\000i\000t\000i}{section.2}% 14
\BOOKMARK [2][-]{subsection.2.4}{\376\377\000F\000o\000r\000m\000e\000\040\000i\000n\000d\000e\000t\000e\000r\000m\000i\000n\000a\000t\000e}{section.2}% 15
\BOOKMARK [2][-]{subsection.2.5}{\376\377\000E\000s\000e\000m\000p\000i\000\040\000d\000i\000\040\000c\000a\000l\000c\000o\000l\000o\000\040\000d\000i\000\040\000l\000i\000m\000i\000t\000i}{section.2}% 16
\BOOKMARK [2][-]{subsection.2.6}{\376\377\000L\000i\000m\000i\000t\000i\000\040\000r\000a\000z\000i\000o\000n\000a\000l\000i}{section.2}% 17
\BOOKMARK [2][-]{subsection.2.7}{\376\377\000L\000i\000m\000i\000t\000i\000\040\000d\000e\000l\000l\000e\000\040\000f\000u\000n\000z\000i\000o\000n\000i\000\040\000m\000o\000n\000o\000t\000o\000n\000e}{section.2}% 18
\BOOKMARK [3][-]{subsubsection.2.7.1}{\376\377\000V\000a\000r\000i\000a\000n\000t\000e}{subsection.2.7}% 19
\BOOKMARK [2][-]{subsection.2.8}{\376\377\000L\000i\000m\000i\000t\000i\000\040\000p\000e\000r\000\040\000x\000\040\000-\000>\000\040\000-\042\036\000\040}{section.2}% 20
\BOOKMARK [2][-]{subsection.2.9}{\376\377\000L\000i\000m\000i\000t\000i\000\040\000p\000e\000r\000\040\000x\000\040\000-\000>\000\040\000x\000\137\0000\000\040}{section.2}% 21
\BOOKMARK [2][-]{subsection.2.10}{\376\377\000L\000i\000m\000i\000t\000i\000\040\000u\000n\000i\000l\000a\000t\000e\000r\000i}{section.2}% 22
\BOOKMARK [2][-]{subsection.2.11}{\376\377\000L\000i\000m\000i\000t\000i\000\040\000d\000i\000\040\000f\000u\000n\000z\000i\000o\000n\000i\000\040\000c\000o\000n\000t\000i\000n\000u\000e}{section.2}% 23
\BOOKMARK [1][-]{section.3}{\376\377\000N\000o\000t\000a\000z\000i\000o\000n\000e\000\040\000o\000\040\000p\000i\000c\000c\000o\000l\000o\000\040\000d\000i\000\040\000L\000a\000n\000d\000a\000u}{}% 24
\BOOKMARK [2][-]{subsection.3.1}{\376\377\000P\000r\000o\000p\000r\000i\000e\000t\000\340}{section.3}% 25
\BOOKMARK [2][-]{subsection.3.2}{\376\377\000S\000v\000i\000l\000u\000p\000p\000i\000\040\000d\000i\000\040\000a\000l\000c\000u\000n\000e\000\040\000f\000u\000n\000z\000i\000o\000n\000i\000\040\000e\000l\000e\000m\000e\000n\000t\000a\000r\000i\000\040\000p\000e\000r\000\040\000x\000\040\000-\000>\000\040\0000\000\040}{section.3}% 26
\BOOKMARK [2][-]{subsection.3.3}{\376\377\000F\000u\000n\000z\000i\000o\000n\000i\000\040\000c\000o\000n\000t\000i\000n\000u\000e}{section.3}% 27
\BOOKMARK [1][-]{section.4}{\376\377\000D\000e\000r\000i\000v\000a\000t\000e}{}% 28
\BOOKMARK [2][-]{subsection.4.1}{\376\377\000O\000s\000s\000e\000r\000v\000a\000z\000i\000o\000n\000i}{section.4}% 29
\BOOKMARK [2][-]{subsection.4.2}{\376\377\000P\000r\000o\000p\000r\000i\000e\000t\000\340\000\040\000d\000e\000l\000l\000e\000\040\000f\000u\000n\000z\000i\000o\000n\000i\000\040\000d\000i\000f\000f\000e\000r\000e\000n\000z\000i\000a\000b\000i\000l\000i}{section.4}% 30
\BOOKMARK [2][-]{subsection.4.3}{\376\377\000D\000e\000r\000i\000v\000a\000t\000e\000\040\000d\000e\000l\000l\000e\000\040\000f\000u\000n\000z\000i\000o\000n\000i\000\040\000i\000n\000v\000e\000r\000s\000e}{section.4}% 31
\BOOKMARK [1][-]{section.5}{\376\377\000D\000e\000r\000i\000v\000a\000t\000e\000\040\000s\000u\000c\000c\000e\000s\000s\000i\000v\000e}{}% 32
\BOOKMARK [2][-]{subsection.5.1}{\376\377\000F\000u\000n\000z\000i\000o\000n\000i\000\040\000c\000o\000n\000v\000e\000s\000s\000e\000\040\000e\000\040\000c\000o\000n\000c\000a\000v\000e}{section.5}% 33
\BOOKMARK [2][-]{subsection.5.2}{\376\377\000P\000r\000o\000p\000r\000i\000e\000t\000\340\000\040\000d\000e\000l\000l\000e\000\040\000f\000u\000n\000z\000i\000o\000n\000i\000\040\000c\000o\000n\000v\000e\000s\000s\000e\000\040\000\050\000o\000\040\000c\000o\000n\000c\000a\000v\000e\000\051}{section.5}% 34
\BOOKMARK [1][-]{section.6}{\376\377\000T\000e\000o\000r\000e\000m\000i}{}% 35
\BOOKMARK [2][-]{subsection.6.1}{\376\377\000T\000e\000o\000r\000e\000m\000a\000\040\000d\000e\000i\000\040\000c\000a\000r\000a\000b\000i\000n\000i\000e\000r\000i}{section.6}% 36
\BOOKMARK [2][-]{subsection.6.2}{\376\377\000T\000e\000o\000r\000e\000m\000a\000\040\000d\000i\000\040\000W\000e\000i\000e\000s\000t\000r\000a\000s\000s}{section.6}% 37
\BOOKMARK [3][-]{subsubsection.6.2.1}{\376\377\000O\000s\000s\000e\000r\000v\000a\000z\000i\000o\000n\000i}{subsection.6.2}% 38
\BOOKMARK [3][-]{subsubsection.6.2.2}{\376\377\000E\000s\000e\000m\000p\000i}{subsection.6.2}% 39
\BOOKMARK [2][-]{subsection.6.3}{\376\377\000T\000e\000o\000r\000e\000m\000a\000\040\000d\000e\000g\000l\000i\000\040\000z\000e\000r\000i}{section.6}% 40
\BOOKMARK [3][-]{subsubsection.6.3.1}{\376\377\000E\000s\000e\000m\000p\000i}{subsection.6.3}% 41
\BOOKMARK [2][-]{subsection.6.4}{\376\377\000T\000e\000o\000r\000e\000m\000a\000\040\000d\000i\000\040\000F\000e\000r\000m\000a\000t}{section.6}% 42
\BOOKMARK [3][-]{subsubsection.6.4.1}{\376\377\000D\000i\000m\000o\000s\000t\000r\000a\000z\000i\000o\000n\000e}{subsection.6.4}% 43
\BOOKMARK [2][-]{subsection.6.5}{\376\377\000T\000e\000o\000r\000e\000m\000a\000\040\000d\000i\000\040\000L\000a\000g\000r\000a\000n\000g\000e}{section.6}% 44
\BOOKMARK [3][-]{subsubsection.6.5.1}{\376\377\000D\000i\000m\000o\000s\000t\000r\000a\000z\000i\000o\000n\000e}{subsection.6.5}% 45
\BOOKMARK [3][-]{subsubsection.6.5.2}{\376\377\000D\000i\000m\000o\000s\000t\000r\000a\000z\000i\000o\000n\000e\000\040\000d\000e\000l\000\040\000c\000o\000r\000o\000l\000l\000a\000r\000i\000o}{subsection.6.5}% 46
\BOOKMARK [2][-]{subsection.6.6}{\376\377\000T\000e\000o\000r\000e\000m\000a\000\040\000d\000e\000\040\000l\000'\000H\000o\000p\000i\000t\000a\000l}{section.6}% 47
\BOOKMARK [3][-]{subsubsection.6.6.1}{\376\377\000E\000s\000e\000m\000p\000i}{subsection.6.6}% 48
\BOOKMARK [1][-]{section.7}{\376\377\000S\000v\000i\000l\000u\000p\000p\000i\000\040\000d\000i\000\040\000T\000a\000y\000l\000o\000r}{}% 49
\BOOKMARK [2][-]{subsection.7.1}{\376\377\000N\000o\000t\000a\000z\000i\000o\000n\000e}{section.7}% 50
\BOOKMARK [2][-]{subsection.7.2}{\376\377\000P\000o\000l\000i\000n\000o\000m\000i\000\040\000d\000i\000\040\000T\000a\000y\000l\000o\000r}{section.7}% 51
\BOOKMARK [2][-]{subsection.7.3}{\376\377\000P\000o\000l\000i\000n\000o\000m\000i\000\040\000n\000o\000t\000e\000v\000o\000l\000i}{section.7}% 52
\BOOKMARK [1][-]{section.8}{\376\377\000I\000n\000t\000e\000g\000r\000a\000l\000i}{}% 53
\BOOKMARK [2][-]{subsection.8.1}{\376\377\000O\000s\000s\000e\000r\000v\000a\000z\000i\000o\000n\000i}{section.8}% 54
\BOOKMARK [2][-]{subsection.8.2}{\376\377\000P\000r\000o\000p\000r\000i\000e\000t\000\340\000\040\000d\000i\000\040\000b\000a\000s\000e}{section.8}% 55
\BOOKMARK [2][-]{subsection.8.3}{\376\377\000T\000e\000o\000r\000e\000m\000a\000\040\000f\000o\000n\000d\000a\000m\000e\000n\000t\000a\000l\000e\000\040\000d\000e\000l\000\040\000c\000a\000l\000c\000o\000l\000o\000\040\000i\000n\000t\000e\000g\000r\000a\000l\000e}{section.8}% 56
\BOOKMARK [3][-]{subsubsection.8.3.1}{\376\377\000D\000i\000m\000o\000s\000t\000r\000a\000z\000i\000o\000n\000e}{subsection.8.3}% 57
\BOOKMARK [3][-]{subsubsection.8.3.2}{\376\377\000C\000o\000r\000o\000l\000l\000a\000r\000i\000o}{subsection.8.3}% 58
\BOOKMARK [3][-]{subsubsection.8.3.3}{\376\377\000D\000i\000m\000o\000s\000t\000r\000a\000z\000i\000o\000n\000e\000\040\000d\000e\000l\000\040\000c\000o\000r\000o\000l\000l\000a\000r\000i\000o}{subsection.8.3}% 59
\BOOKMARK [2][-]{subsection.8.4}{\376\377\000E\000s\000e\000m\000p\000i}{section.8}% 60
\BOOKMARK [2][-]{subsection.8.5}{\376\377\000A\000l\000c\000u\000n\000e\000\040\000p\000r\000i\000m\000i\000t\000i\000v\000e\000\040\000e\000l\000e\000m\000e\000n\000t\000a\000r\000i}{section.8}% 61
\BOOKMARK [2][-]{subsection.8.6}{\376\377\000O\000s\000s\000e\000r\000v\000a\000z\000i\000o\000n\000i}{section.8}% 62
\BOOKMARK [3][-]{subsubsection.8.6.1}{\376\377\000E\000s\000e\000m\000p\000i}{subsection.8.6}% 63
\BOOKMARK [2][-]{subsection.8.7}{\376\377\000I\000n\000t\000e\000g\000r\000a\000z\000i\000o\000n\000e\000\040\000d\000e\000l\000l\000e\000\040\000f\000u\000n\000z\000i\000o\000n\000i\000\040\000r\000a\000z\000i\000o\000n\000a\000l\000i}{section.8}% 64
\BOOKMARK [3][-]{subsubsection.8.7.1}{\376\377\000E\000s\000e\000m\000p\000i}{subsection.8.7}% 65
\BOOKMARK [2][-]{subsection.8.8}{\376\377\000I\000n\000t\000e\000g\000r\000a\000z\000i\000o\000n\000e\000\040\000p\000e\000r\000\040\000p\000a\000r\000t\000i}{section.8}% 66
\BOOKMARK [3][-]{subsubsection.8.8.1}{\376\377\000E\000s\000e\000m\000p\000i}{subsection.8.8}% 67
\BOOKMARK [1][-]{section.9}{\376\377\000S\000e\000r\000i\000e}{}% 68
\BOOKMARK [2][-]{subsection.9.1}{\376\377\000O\000s\000s\000e\000r\000v\000a\000z\000i\000o\000n\000i}{section.9}% 69
\BOOKMARK [3][-]{subsubsection.9.1.1}{\376\377\000E\000s\000e\000m\000p\000i\000\040\000i\000m\000p\000o\000r\000t\000a\000n\000t\000i}{subsection.9.1}% 70
\BOOKMARK [2][-]{subsection.9.2}{\376\377\000C\000r\000i\000t\000e\000r\000i\000\040\000p\000e\000r\000\040\000s\000t\000u\000d\000i\000a\000r\000e\000\040\000i\000l\000\040\000c\000a\000r\000a\000t\000t\000e\000r\000e\000\040\000d\000i\000\040\000u\000n\000a\000\040\000s\000e\000r\000i\000e}{section.9}% 71
\BOOKMARK [3][-]{subsubsection.9.2.1}{\376\377\000S\000e\000r\000i\000e\000\040\000a\000\040\000t\000e\000r\000m\000i\000n\000i\000\040\000p\000o\000s\000i\000t\000i\000v\000i}{subsection.9.2}% 72
\BOOKMARK [3][-]{subsubsection.9.2.2}{\376\377\000C\000r\000i\000t\000e\000r\000i\000o\000\040\000d\000e\000l\000\040\000c\000o\000n\000f\000r\000o\000n\000t\000o}{subsection.9.2}% 73
\BOOKMARK [3][-]{subsubsection.9.2.3}{\376\377\000C\000r\000i\000t\000e\000r\000i\000o\000\040\000d\000e\000l\000\040\000c\000o\000n\000f\000r\000o\000n\000t\000o\000\040\000a\000s\000i\000n\000t\000o\000t\000i\000c\000o}{subsection.9.2}% 74
\BOOKMARK [3][-]{subsubsection.9.2.4}{\376\377\000C\000o\000r\000o\000l\000l\000a\000r\000i\000o\000/\000C\000a\000s\000o\000\040\000p\000a\000r\000t\000i\000c\000o\000l\000a\000r\000e}{subsection.9.2}% 75
\BOOKMARK [3][-]{subsubsection.9.2.5}{\376\377\000C\000r\000i\000t\000e\000r\000i\000o\000\040\000d\000e\000l\000\040\000r\000a\000p\000p\000o\000r\000t\000o}{subsection.9.2}% 76
\BOOKMARK [3][-]{subsubsection.9.2.6}{\376\377\000S\000e\000r\000i\000e\000\040\000a\000\040\000s\000e\000g\000n\000i\000\040\000a\000l\000t\000e\000r\000n\000i}{subsection.9.2}% 77
\BOOKMARK [3][-]{subsubsection.9.2.7}{\376\377\000C\000r\000i\000t\000e\000r\000i\000o\000\040\000d\000i\000\040\000L\000e\000i\000b\000n\000i\000t\000z}{subsection.9.2}% 78
\BOOKMARK [3][-]{subsubsection.9.2.8}{\376\377\000S\000e\000r\000i\000e\000\040\000a\000\040\000t\000e\000r\000m\000i\000n\000i\000\040\000d\000i\000\040\000s\000e\000g\000n\000o\000\040\000q\000u\000a\000l\000s\000i\000a\000s\000i}{subsection.9.2}% 79
\BOOKMARK [3][-]{subsubsection.9.2.9}{\376\377\000C\000r\000i\000t\000e\000r\000i\000o\000\040\000d\000i\000\040\000c\000o\000n\000v\000e\000r\000g\000e\000n\000z\000a\000\040\000a\000s\000s\000o\000l\000u\000t\000a}{subsection.9.2}% 80
\BOOKMARK [2][-]{subsection.9.3}{\376\377\000S\000e\000r\000i\000e\000\040\000d\000i\000\040\000p\000o\000t\000e\000n\000z\000e}{section.9}% 81
\BOOKMARK [3][-]{subsubsection.9.3.1}{\376\377\000S\000e\000r\000i\000e\000\040\000d\000i\000\040\000p\000o\000t\000e\000n\000z\000e\000\040\000n\000o\000t\000e\000v\000o\000l\000i\000\040\000c\000o\000n\000\040\000c\000e\000n\000t\000r\000o\000\040\000x\000\137\0000\000\040\000=\000\040\0000}{subsection.9.3}% 82
\BOOKMARK [3][-]{subsubsection.9.3.2}{\376\377\000O\000s\000s\000e\000r\000v\000a\000z\000i\000o\000n\000i}{subsection.9.3}% 83
\BOOKMARK [3][-]{subsubsection.9.3.3}{\376\377\000E\000s\000e\000m\000p\000i}{subsection.9.3}% 84
\BOOKMARK [3][-]{subsubsection.9.3.4}{\376\377\000F\000o\000r\000m\000u\000l\000e\000\040\000d\000i\000\040\000r\000i\000s\000o\000l\000u\000z\000i\000o\000n\000e}{subsection.9.3}% 85
\BOOKMARK [3][-]{subsubsection.9.3.5}{\376\377\000P\000r\000o\000p\000r\000i\000e\000t\000\340}{subsection.9.3}% 86
