\BOOKMARK [1][-]{section.1}{\376\377\000N\000u\000m\000e\000r\000i\000\040\000c\000o\000m\000p\000l\000e\000s\000s\000i}{}% 1
\BOOKMARK [2][-]{subsection.1.1}{\376\377\000I\000n\000s\000i\000e\000m\000i\000\040\000d\000i\000\040\000n\000u\000m\000e\000r\000i}{section.1}% 2
\BOOKMARK [2][-]{subsection.1.2}{\376\377\000N\000u\000m\000e\000r\000i\000\040\000i\000m\000m\000a\000g\000i\000n\000a\000r\000i}{section.1}% 3
\BOOKMARK [3][-]{subsubsection.1.2.1}{\376\377\000E\000s\000e\000m\000p\000i}{subsection.1.2}% 4
\BOOKMARK [2][-]{subsection.1.3}{\376\377\000O\000p\000e\000r\000a\000z\000i\000o\000n\000i\000\040\000t\000r\000a\000\040\000i\000\040\000n\000u\000m\000e\000r\000i\000\040\000c\000o\000m\000p\000l\000e\000s\000s\000i}{section.1}% 5
\BOOKMARK [3][-]{subsubsection.1.3.1}{\376\377\000S\000o\000m\000m\000a}{subsection.1.3}% 6
\BOOKMARK [3][-]{subsubsection.1.3.2}{\376\377\000P\000r\000o\000d\000o\000t\000t\000o}{subsection.1.3}% 7
\BOOKMARK [3][-]{subsubsection.1.3.3}{\376\377\000S\000o\000t\000t\000r\000a\000z\000i\000o\000n\000e}{subsection.1.3}% 8
\BOOKMARK [3][-]{subsubsection.1.3.4}{\376\377\000D\000i\000v\000i\000s\000i\000o\000n\000e}{subsection.1.3}% 9
\BOOKMARK [2][-]{subsection.1.4}{\376\377\000C\000o\000n\000i\000u\000g\000a\000t\000o\000\040\000e\000\040\000m\000o\000d\000u\000l\000o}{section.1}% 10
\BOOKMARK [3][-]{subsubsection.1.4.1}{\376\377\000C\000o\000n\000i\000u\000g\000a\000t\000o}{subsection.1.4}% 11
\BOOKMARK [3][-]{subsubsection.1.4.2}{\376\377\000M\000o\000d\000u\000l\000o}{subsection.1.4}% 12
\BOOKMARK [3][-]{subsubsection.1.4.3}{\376\377\000P\000r\000o\000p\000r\000i\000e\000t\000\340}{subsection.1.4}% 13
\BOOKMARK [2][-]{subsection.1.5}{\376\377\000C\000o\000o\000r\000d\000i\000n\000a\000t\000e\000\040\000p\000o\000l\000a\000r\000i}{section.1}% 14
\BOOKMARK [2][-]{subsection.1.6}{\376\377\000F\000o\000r\000m\000a\000\040\000t\000r\000i\000g\000o\000n\000o\000m\000e\000t\000r\000i\000c\000a\000\040\000d\000i\000\040\000u\000n\000\040\000n\000u\000m\000e\000r\000o\000\040\000c\000o\000m\000p\000l\000e\000s\000s\000o}{section.1}% 15
\BOOKMARK [2][-]{subsection.1.7}{\376\377\000P\000r\000o\000d\000o\000t\000t\000o\000\040\000d\000i\000\040\000n\000u\000m\000e\000r\000i\000\040\000c\000o\000m\000p\000l\000e\000s\000s\000i\000\040\000i\000n\000\040\000f\000o\000r\000m\000a\000\040\000t\000r\000i\000g\000o\000n\000o\000m\000e\000t\000r\000i\000c\000a}{section.1}% 16
\BOOKMARK [2][-]{subsection.1.8}{\376\377\000F\000o\000r\000m\000u\000l\000a\000\040\000d\000i\000\040\000d\000e\000\040\000M\000o\000i\000v\000r\000e}{section.1}% 17
\BOOKMARK [2][-]{subsection.1.9}{\376\377\000D\000e\000f\000i\000n\000i\000z\000i\000o\000n\000e\000\040\000d\000i\000\040\000r\000a\000d\000i\000c\000e\000\040\000n\000-\000e\000s\000i\000m\000a}{section.1}% 18
\BOOKMARK [2][-]{subsection.1.10}{\376\377\000T\000e\000o\000r\000e\000m\000a\000\040\000d\000e\000l\000l\000e\000\040\000r\000a\000d\000i\000c\000i\000\040\000n\000-\000e\000s\000i\000m\000e}{section.1}% 19
\BOOKMARK [3][-]{subsubsection.1.10.1}{\376\377\000D\000i\000m\000o\000s\000t\000r\000a\000z\000i\000o\000n\000e}{subsection.1.10}% 20
\BOOKMARK [2][-]{subsection.1.11}{\376\377\000R\000a\000d\000i\000c\000i\000\040\000q\000u\000a\000d\000r\000a\000t\000e\000\040\000d\000i\000\040\000n\000u\000m\000e\000r\000i\000\040\000r\000e\000a\000l\000i\000\040\000n\000e\000g\000a\000t\000i\000v\000i}{section.1}% 21
\BOOKMARK [1][-]{section.2}{\376\377\000S\000i\000s\000t\000e\000m\000i\000\040\000l\000i\000n\000e\000a\000r\000i\000\040\000e\000\040\000m\000a\000t\000r\000i\000c\000i}{}% 22
\BOOKMARK [2][-]{subsection.2.1}{\376\377\000S\000i\000s\000t\000e\000m\000i\000\040\000l\000i\000n\000e\000a\000r\000i}{section.2}% 23
\BOOKMARK [2][-]{subsection.2.2}{\376\377\000D\000e\000f\000i\000n\000i\000z\000i\000o\000n\000e}{section.2}% 24
\BOOKMARK [2][-]{subsection.2.3}{\376\377\000D\000e\000f\000i\000n\000i\000z\000i\000o\000n\000e}{section.2}% 25
\BOOKMARK [2][-]{subsection.2.4}{\376\377\000O\000p\000e\000r\000a\000z\000i\000o\000n\000i\000\040\000e\000l\000e\000m\000e\000n\000t\000a\000r\000i}{section.2}% 26
\BOOKMARK [2][-]{subsection.2.5}{\376\377\000L\000i\000n\000e\000e\000\040\000i\000n\000\040\000R\000\262\000\040}{section.2}% 27
\BOOKMARK [2][-]{subsection.2.6}{\376\377\000M\000e\000t\000o\000d\000o\000\040\000d\000i\000\040\000e\000l\000i\000m\000i\000n\000a\000z\000i\000o\000n\000e\000\040\000d\000i\000\040\000G\000a\000u\000s\000s\000\040\000\050\000E\000G\000\051}{section.2}% 28
\BOOKMARK [2][-]{subsection.2.7}{\376\377\000R\000i\000s\000o\000l\000u\000z\000i\000o\000n\000e\000\040\000d\000i\000\040\000u\000n\000\040\000s\000i\000s\000t\000e\000m\000a\000\040\000l\000i\000n\000e\000a\000r\000e}{section.2}% 29
\BOOKMARK [2][-]{subsection.2.8}{\376\377\000D\000e\000f\000i\000n\000i\000z\000i\000o\000n\000e\000\040\000d\000i\000\040\000r\000a\000n\000g\000o\000\040\000d\000i\000\040\000u\000n\000a\000\040\000m\000a\000t\000r\000i\000c\000e}{section.2}% 30
\BOOKMARK [2][-]{subsection.2.9}{\376\377\000O\000s\000s\000e\000r\000v\000a\000z\000i\000o\000n\000e}{section.2}% 31
\BOOKMARK [1][-]{section.3}{\376\377\000M\000a\000t\000r\000i\000c\000i\000\040\000e\000\040\000l\000e\000\040\000l\000o\000r\000o\000\040\000o\000p\000e\000r\000a\000z\000i\000o\000n\000i}{}% 32
\BOOKMARK [2][-]{subsection.3.1}{\376\377\000D\000e\000f\000i\000n\000i\000z\000i\000o\000n\000e\000\040\000d\000i\000\040\000s\000o\000m\000m\000a}{section.3}% 33
\BOOKMARK [3][-]{subsubsection.3.1.1}{\376\377\000P\000r\000o\000p\000r\000i\000e\000t\000\340}{subsection.3.1}% 34
\BOOKMARK [2][-]{subsection.3.2}{\376\377\000D\000e\000f\000i\000n\000i\000z\000i\000o\000n\000e\000\040\000d\000i\000\040\000p\000r\000o\000d\000o\000t\000t\000o\000\040\000p\000e\000r\000\040\000u\000n\000o\000\040\000s\000c\000a\000l\000a\000r\000e}{section.3}% 35
\BOOKMARK [3][-]{subsubsection.3.2.1}{\376\377\000P\000r\000o\000p\000r\000i\000e\000t\000\340}{subsection.3.2}% 36
\BOOKMARK [2][-]{subsection.3.3}{\376\377\000D\000e\000f\000i\000n\000i\000z\000i\000o\000n\000e\000\040\000d\000i\000\040\000m\000a\000t\000r\000i\000c\000e\000\040\000t\000r\000a\000s\000p\000o\000s\000t\000a}{section.3}% 37
\BOOKMARK [2][-]{subsection.3.4}{\376\377\000D\000e\000f\000i\000n\000i\000z\000i\000o\000n\000e\000\040\000d\000i\000\040\000p\000r\000o\000d\000o\000t\000t\000o\000\040\000d\000i\000\040\000m\000a\000t\000r\000i\000c\000i}{section.3}% 38
\BOOKMARK [3][-]{subsubsection.3.4.1}{\376\377\000P\000r\000o\000p\000r\000i\000e\000t\000\340}{subsection.3.4}% 39
\BOOKMARK [2][-]{subsection.3.5}{\376\377\000O\000s\000s\000e\000r\000v\000a\000z\000i\000o\000n\000e}{section.3}% 40
\BOOKMARK [2][-]{subsection.3.6}{\376\377\000D\000e\000f\000i\000n\000i\000z\000i\000o\000n\000e}{section.3}% 41
\BOOKMARK [2][-]{subsection.3.7}{\376\377\000M\000a\000t\000r\000i\000c\000i\000\040\000e\000l\000e\000m\000e\000n\000t\000a\000r\000i}{section.3}% 42
\BOOKMARK [2][-]{subsection.3.8}{\376\377\000M\000o\000l\000t\000i\000p\000l\000i\000c\000a\000z\000i\000o\000n\000e\000\040\000c\000o\000n\000\040\000m\000a\000t\000r\000i\000c\000i\000\040\000e\000l\000e\000m\000e\000n\000t\000a\000r\000i}{section.3}% 43
\BOOKMARK [2][-]{subsection.3.9}{\376\377\000D\000e\000f\000i\000n\000i\000z\000i\000o\000n\000e\000\040\000d\000i\000\040\000m\000a\000t\000r\000i\000c\000e\000\040\000i\000n\000v\000e\000r\000t\000i\000b\000i\000l\000e}{section.3}% 44
\BOOKMARK [2][-]{subsection.3.10}{\376\377\000I\000n\000v\000e\000r\000s\000e\000\040\000d\000i\000\040\000m\000a\000t\000r\000i\000c\000i\000\040\000e\000l\000e\000m\000e\000n\000t\000a\000r\000i}{section.3}% 45
\BOOKMARK [2][-]{subsection.3.11}{\376\377\000P\000r\000o\000p\000o\000s\000i\000z\000i\000o\000n\000e}{section.3}% 46
\BOOKMARK [3][-]{subsubsection.3.11.1}{\376\377\000D\000i\000m\000o\000s\000t\000r\000a\000z\000i\000o\000n\000e}{subsection.3.11}% 47
\BOOKMARK [2][-]{subsection.3.12}{\376\377\000P\000r\000o\000p\000o\000s\000i\000z\000i\000o\000n\000e}{section.3}% 48
\BOOKMARK [3][-]{subsubsection.3.12.1}{\376\377\000D\000i\000m\000o\000s\000t\000r\000a\000z\000i\000o\000n\000e}{subsection.3.12}% 49
