\BOOKMARK [1][-]{section.1}{\376\377\000A\000r\000c\000h\000i\000t\000e\000t\000t\000u\000r\000a\000\040\000d\000i\000\040\000V\000o\000n\000\040\000N\000e\000u\000m\000a\000n\000n}{}% 1
\BOOKMARK [2][-]{subsection.1.1}{\376\377\000S\000t\000r\000u\000t\000t\000u\000r\000a}{section.1}% 2
\BOOKMARK [2][-]{subsection.1.2}{\376\377\000C\000a\000r\000a\000t\000t\000e\000r\000i\000s\000t\000i\000c\000h\000e}{section.1}% 3
\BOOKMARK [2][-]{subsection.1.3}{\376\377\000C\000P\000U}{section.1}% 4
\BOOKMARK [3][-]{subsubsection.1.3.1}{\376\377\000M\000o\000d\000e\000l\000l\000o\000\040\000s\000e\000m\000p\000l\000i\000f\000i\000c\000a\000t\000o}{subsection.1.3}% 5
\BOOKMARK [1][-]{section.2}{\376\377\000A\000s\000s\000e\000m\000b\000l\000y\000\040\000\050\000I\000n\000t\000e\000l\000\040\000x\0008\0006\000\051}{}% 6
\BOOKMARK [2][-]{subsection.2.1}{\376\377\000C\000o\000d\000i\000f\000i\000c\000a}{section.2}% 7
\BOOKMARK [2][-]{subsection.2.2}{\376\377\000I\000s\000t\000r\000u\000z\000i\000o\000n\000i}{section.2}% 8
\BOOKMARK [3][-]{subsubsection.2.2.1}{\376\377\000I\000s\000t\000r\000u\000z\000i\000o\000n\000i\000\040\000d\000i\000\040\000i\000n\000i\000z\000i\000a\000l\000i\000z\000z\000a\000z\000i\000o\000n\000e}{subsection.2.2}% 9
\BOOKMARK [3][-]{subsubsection.2.2.2}{\376\377\000I\000s\000t\000r\000u\000z\000i\000o\000n\000i\000\040\000a\000r\000i\000t\000m\000e\000t\000i\000c\000h\000e}{subsection.2.2}% 10
\BOOKMARK [3][-]{subsubsection.2.2.3}{\376\377\000I\000s\000t\000r\000u\000z\000i\000o\000n\000i\000\040\000l\000o\000g\000i\000c\000h\000e}{subsection.2.2}% 11
\BOOKMARK [3][-]{subsubsection.2.2.4}{\376\377\000I\000s\000t\000r\000u\000z\000i\000o\000n\000i\000\040\000d\000i\000\040\000s\000a\000l\000t\000o}{subsection.2.2}% 12
\BOOKMARK [3][-]{subsubsection.2.2.5}{\376\377\000I\000s\000t\000r\000u\000z\000i\000o\000n\000i\000\040\000d\000i\000\040\000g\000e\000s\000t\000i\000o\000n\000e\000\040\000d\000e\000l\000l\000o\000\040\000S\000t\000a\000c\000k}{subsection.2.2}% 13
\BOOKMARK [3][-]{subsubsection.2.2.6}{\376\377\000M\000e\000t\000o\000d\000i\000\040\000d\000i\000\040\000i\000n\000d\000i\000r\000i\000z\000z\000a\000m\000e\000n\000t\000o}{subsection.2.2}% 14
\BOOKMARK [2][-]{subsection.2.3}{\376\377\000E\000s\000e\000m\000p\000i}{section.2}% 15
\BOOKMARK [2][-]{subsection.2.4}{\376\377\000F\000i\000l\000e\000\040\000a\000s\000s\000e\000m\000b\000l\000y}{section.2}% 16
\BOOKMARK [2][-]{subsection.2.5}{\376\377\000C\000o\000m\000p\000i\000l\000a\000z\000i\000o\000n\000e}{section.2}% 17
\BOOKMARK [1][-]{section.3}{\376\377\000M\000e\000m\000o\000r\000i\000a}{}% 18
\BOOKMARK [2][-]{subsection.3.1}{\376\377\000M\000e\000m\000o\000r\000i\000a\000\040\000d\000i\000n\000a\000m\000i\000c\000a}{section.3}% 19
\BOOKMARK [2][-]{subsection.3.2}{\376\377\000R\000i\000c\000h\000i\000a\000m\000a\000r\000e\000\040\000u\000n\000a\000\040\000f\000u\000n\000z\000i\000o\000n\000e}{section.3}% 20
\BOOKMARK [2][-]{subsection.3.3}{\376\377\000S\000t\000r\000u\000t\000t\000u\000r\000a\000\040\000d\000e\000t\000t\000a\000g\000l\000i\000a\000t\000a\000\040\000d\000e\000l\000l\000a\000\040\000C\000P\000U}{section.3}% 21
\BOOKMARK [1][-]{section.4}{\376\377\000M\000i\000c\000r\000o\000\040\000o\000p\000e\000r\000a\000z\000i\000o\000n\000i}{}% 22
\BOOKMARK [2][-]{subsection.4.1}{\376\377\000S\000t\000r\000u\000t\000t\000u\000r\000a\000\040\000d\000e\000l\000l\000a\000\040\000C\000o\000n\000t\000r\000o\000l\000\040\000U\000n\000i\000t}{section.4}% 23
\BOOKMARK [1][-]{section.5}{\376\377\000D\000i\000s\000p\000o\000s\000i\000t\000i\000v\000i\000\040\000d\000i\000\040\000i\000n\000p\000u\000t\000\040\000e\000\040\000o\000u\000t\000p\000u\000t}{}% 24
\BOOKMARK [2][-]{subsection.5.1}{\376\377\000O\000t\000t\000i\000m\000i\000z\000z\000a\000z\000i\000o\000n\000e}{section.5}% 25
\BOOKMARK [2][-]{subsection.5.2}{\376\377\000I\000n\000t\000e\000r\000r\000u\000p\000t}{section.5}% 26
\BOOKMARK [2][-]{subsection.5.3}{\376\377\000D\000M\000A\000\040\000\050\000D\000i\000r\000e\000c\000t\000\040\000M\000e\000m\000o\000r\000y\000\040\000A\000c\000c\000e\000s\000s\000\051}{section.5}% 27
\BOOKMARK [2][-]{subsection.5.4}{\376\377\000B\000u\000s}{section.5}% 28
\BOOKMARK [3][-]{subsubsection.5.4.1}{\376\377\000S\000i\000n\000c\000r\000o\000n\000o}{subsection.5.4}% 29
\BOOKMARK [3][-]{subsubsection.5.4.2}{\376\377\000A\000s\000i\000n\000c\000r\000o\000n\000o}{subsection.5.4}% 30
\BOOKMARK [3][-]{subsubsection.5.4.3}{\376\377\000M\000u\000l\000t\000i\000t\000a\000s\000k\000i\000n\000g\000\040\000\050\000m\000u\000l\000t\000i\000p\000r\000o\000c\000e\000s\000s\000o\000\051}{subsection.5.4}% 31
\BOOKMARK [1][-]{section.6}{\376\377\000L\000a\000b\000o\000r\000a\000t\000o\000r\000i\000o}{}% 32
\BOOKMARK [2][-]{subsection.6.1}{\376\377\000V\000a\000n\000t\000a\000g\000g\000i\000\040\000e\000\040\000s\000v\000a\000n\000t\000a\000g\000g\000i\000\040\000d\000i\000\040\000a\000s\000s\000e\000m\000b\000l\000y}{section.6}% 33
\BOOKMARK [3][-]{subsubsection.6.1.1}{\376\377\000V\000a\000n\000t\000a\000g\000g\000i}{subsection.6.1}% 34
\BOOKMARK [3][-]{subsubsection.6.1.2}{\376\377\000S\000v\000a\000n\000t\000a\000g\000g\000i}{subsection.6.1}% 35
\BOOKMARK [2][-]{subsection.6.2}{\376\377\000U\000t\000i\000l\000i\000t\000\340}{section.6}% 36
\BOOKMARK [2][-]{subsection.6.3}{\376\377\000R\000e\000g\000i\000s\000t\000r\000i}{section.6}% 37
\BOOKMARK [3][-]{subsubsection.6.3.1}{\376\377\000R\000e\000g\000i\000s\000t\000r\000i\000\040\000g\000e\000n\000e\000r\000a\000l\000\040\000p\000u\000r\000p\000o\000s\000e}{subsection.6.3}% 38
\BOOKMARK [3][-]{subsubsection.6.3.2}{\376\377\000R\000e\000g\000i\000s\000t\000r\000i\000\040\000d\000i\000\040\000s\000e\000g\000m\000e\000n\000t\000o}{subsection.6.3}% 39
\BOOKMARK [3][-]{subsubsection.6.3.3}{\376\377\000R\000e\000g\000i\000s\000t\000r\000i\000\040\000p\000u\000n\000t\000a\000t\000o\000r\000e}{subsection.6.3}% 40
\BOOKMARK [3][-]{subsubsection.6.3.4}{\376\377\000R\000e\000g\000i\000s\000t\000r\000i\000\040\000i\000n\000d\000i\000c\000e}{subsection.6.3}% 41
\BOOKMARK [3][-]{subsubsection.6.3.5}{\376\377\000C\000o\000m\000p\000o\000s\000i\000z\000i\000o\000n\000e\000\040\000d\000e\000i\000\040\000r\000e\000g\000i\000s\000t\000r\000i}{subsection.6.3}% 42
\BOOKMARK [3][-]{subsubsection.6.3.6}{\376\377\000C\000o\000m\000p\000o\000s\000i\000z\000i\000o\000n\000e\000\040\000d\000e\000l\000\040\000r\000e\000g\000i\000s\000t\000r\000o\000\040\000E\000F\000L\000A\000G\000S}{subsection.6.3}% 43
\BOOKMARK [2][-]{subsection.6.4}{\376\377\000M\000o\000d\000a\000l\000i\000t\000\340\000\040\000d\000i\000\040\000i\000n\000d\000i\000r\000i\000z\000z\000a\000m\000e\000n\000t\000o}{section.6}% 44
\BOOKMARK [2][-]{subsection.6.5}{\376\377\000I\000s\000t\000r\000u\000z\000i\000o\000n\000i}{section.6}% 45
\BOOKMARK [3][-]{subsubsection.6.5.1}{\376\377\000I\000s\000t\000r\000u\000z\000i\000o\000n\000i\000\040\000d\000i\000\040\000i\000n\000i\000z\000i\000a\000l\000i\000z\000z\000a\000z\000i\000o\000n\000e}{subsection.6.5}% 46
\BOOKMARK [3][-]{subsubsection.6.5.2}{\376\377\000I\000s\000t\000r\000u\000z\000i\000o\000n\000i\000\040\000a\000r\000i\000t\000m\000e\000t\000i\000c\000h\000e\000\040\000e\000\040\000l\000o\000g\000i\000c\000h\000e}{subsection.6.5}% 47
\BOOKMARK [2][-]{subsection.6.6}{\376\377\000A\000T\000\046\000T\000\040\000v\000s\000\040\000I\000n\000t\000e\000l}{section.6}% 48
\BOOKMARK [2][-]{subsection.6.7}{\376\377\000A\000s\000s\000e\000m\000b\000l\000a\000r\000e\000,\000\040\000v\000e\000r\000i\000f\000i\000c\000a\000r\000e\000\040\000e\000d\000\040\000e\000s\000e\000g\000u\000i\000r\000e\000\040\000u\000n\000\040\000p\000r\000o\000g\000r\000a\000m\000m\000a\000\040\000A\000s\000s\000e\000m\000b\000l\000y}{section.6}% 49
\BOOKMARK [3][-]{subsubsection.6.7.1}{\376\377\000L\000'\000a\000s\000s\000e\000m\000b\000l\000a\000t\000o\000r\000e}{subsection.6.7}% 50
\BOOKMARK [3][-]{subsubsection.6.7.2}{\376\377\000I\000l\000\040\000l\000i\000n\000k\000e\000r}{subsection.6.7}% 51
\BOOKMARK [3][-]{subsubsection.6.7.3}{\376\377\000A\000s\000s\000e\000m\000b\000l\000y\000\040\0003\0002\000b\000i\000t\000\040\000s\000u\000\040\000m\000a\000c\000c\000h\000i\000n\000e\000\040\0006\0004\000b\000i\000t}{subsection.6.7}% 52
\BOOKMARK [2][-]{subsection.6.8}{\376\377\000S\000t\000a\000m\000p\000a\000\040\000d\000i\000\040\000n\000u\000m\000e\000r\000i}{section.6}% 53
\BOOKMARK [3][-]{subsubsection.6.8.1}{\376\377\000T\000a\000b\000e\000l\000l\000a\000\040\000d\000e\000i\000\040\000c\000a\000r\000a\000t\000t\000e\000r\000i\000\040\000A\000S\000C\000I\000I}{subsection.6.8}% 54
\BOOKMARK [2][-]{subsection.6.9}{\376\377\000E\000t\000i\000c\000h\000e\000t\000t\000e\000\040\000e\000d\000\040\000i\000s\000t\000r\000u\000z\000i\000o\000n\000i\000\040\000d\000i\000\040\000s\000a\000l\000t\000o}{section.6}% 55
