\BOOKMARK [1][-]{section.1}{\376\377\000R\000i\000p\000a\000s\000s\000o\000\040\000d\000i\000\040\000m\000a\000t\000e\000m\000a\000t\000i\000c\000a}{}% 1
\BOOKMARK [2][-]{subsection.1.1}{\376\377\000R\000e\000l\000a\000z\000i\000o\000n\000i}{section.1}% 2
\BOOKMARK [2][-]{subsection.1.2}{\376\377\000S\000o\000t\000t\000o\000i\000n\000s\000i\000e\000m\000e\000\040\000d\000e\000l\000l\000e\000\040\000p\000a\000r\000t\000i}{section.1}% 3
\BOOKMARK [2][-]{subsection.1.3}{\376\377\000O\000r\000d\000i\000n\000a\000m\000e\000n\000t\000o\000\040\000p\000a\000r\000z\000i\000a\000l\000e}{section.1}% 4
\BOOKMARK [2][-]{subsection.1.4}{\376\377\000M\000a\000s\000s\000i\000m\000a\000l\000e\000\040\000d\000i\000\040\000u\000n\000\040\000i\000n\000s\000i\000e\000m\000e}{section.1}% 5
\BOOKMARK [1][-]{section.2}{\376\377\000I\000n\000t\000r\000o\000d\000u\000z\000i\000o\000n\000e}{}% 6
\BOOKMARK [1][-]{section.3}{\376\377\000S\000i\000n\000t\000a\000s\000s\000i\000\040\000d\000e\000l\000l\000a\000\040\000l\000o\000g\000i\000c\000a\000\040\000p\000r\000o\000p\000o\000s\000i\000z\000i\000o\000n\000a\000l\000e}{}% 7
\BOOKMARK [2][-]{subsection.3.1}{\376\377\000C\000o\000n\000n\000e\000t\000t\000i\000v\000i}{section.3}% 8
\BOOKMARK [2][-]{subsection.3.2}{\376\377\000A\000u\000s\000i\000l\000i\000a\000r\000i}{section.3}% 9
\BOOKMARK [2][-]{subsection.3.3}{\376\377\000S\000i\000m\000b\000o\000l\000i\000\040\000p\000r\000o\000p\000o\000s\000i\000z\000i\000o\000n\000a\000l\000i}{section.3}% 10
\BOOKMARK [2][-]{subsection.3.4}{\376\377\000A\000l\000t\000r\000i\000\040\000s\000i\000m\000b\000o\000l\000i}{section.3}% 11
\BOOKMARK [1][-]{section.4}{\376\377\000P\000r\000i\000n\000c\000i\000p\000i\000o\000\040\000d\000i\000\040\000i\000n\000d\000u\000z\000i\000o\000n\000e}{}% 12
\BOOKMARK [2][-]{subsection.4.1}{\376\377\000D\000e\000f\000i\000n\000i\000z\000i\000o\000n\000e\000\040\000i\000n\000d\000u\000t\000t\000i\000v\000a\000\040\000f\000o\000r\000m\000a\000l\000e\000\040\000d\000e\000l\000l\000'\000i\000n\000s\000i\000e\000m\000e\000\040\000P\000R\000O\000P}{section.4}% 13
\BOOKMARK [1][-]{section.5}{\376\377\000P\000r\000o\000p\000r\000i\000e\000t\000\340\000\040\000s\000u\000\040\000u\000n\000\040\000i\000n\000s\000i\000e\000m\000e}{}% 14
\BOOKMARK [2][-]{subsection.5.1}{\376\377\000P\000r\000i\000n\000c\000i\000p\000i\000o\000\040\000d\000i\000\040\000i\000n\000d\000u\000z\000i\000o\000n\000e\000\040\000s\000u\000i\000\040\000n\000u\000m\000e\000r\000i\000\040\000n\000a\000t\000u\000r\000a\000l\000i\000\040\000N}{section.5}% 15
\BOOKMARK [1][-]{section.6}{\376\377\000T\000e\000o\000r\000e\000m\000a\000\040\000d\000e\000l\000\040\000p\000r\000i\000n\000c\000i\000p\000i\000o\000\040\000d\000i\000\040\000i\000n\000d\000u\000z\000i\000o\000n\000e\000\040\000d\000e\000l\000l\000e\000\040\000p\000r\000o\000p\000r\000i\000e\000t\000\340\000\040\000s\000u\000\040\000P\000R\000O\000P}{}% 16
\BOOKMARK [1][-]{section.7}{\376\377\000D\000e\000f\000i\000n\000i\000z\000i\000o\000n\000e\000\040\000r\000i\000c\000o\000r\000s\000i\000v\000a\000\040\000d\000i\000\040\000f\000u\000n\000z\000i\000o\000n\000i\000\040\000s\000u\000\040\000P\000R\000O\000P}{}% 17
\BOOKMARK [2][-]{subsection.7.1}{\376\377\000D\000e\000f\000i\000n\000i\000z\000i\000o\000n\000e\000\040\000p\000i\000\371\000\040\000p\000r\000e\000c\000i\000s\000a\000\040\000d\000e\000l\000l\000'\000e\000s\000e\000r\000c\000i\000z\000i\000o\000\040\0006\000.\0001}{section.7}% 18
\BOOKMARK [1][-]{section.8}{\376\377\000D\000i\000m\000o\000s\000t\000r\000a\000z\000i\000o\000n\000e\000\040\000r\000i\000c\000o\000r\000s\000i\000v\000a\000\040\000d\000i\000\040\000r\000a\000n\000g\000o\000\040\000e\000\040\000s\000o\000t\000t\000o\000f\000o\000r\000m\000u\000l\000a}{}% 19
\BOOKMARK [2][-]{subsection.8.1}{\376\377\000A\000p\000p\000l\000i\000c\000a\000z\000i\000o\000n\000e\000\040\000d\000e\000l\000l\000a\000\040\000d\000e\000f\000i\000n\000i\000z\000i\000o\000n\000e\000\040\000d\000i\000\040\000s\000o\000t\000t\000o\000f\000o\000r\000m\000u\000l\000a}{section.8}% 20
\BOOKMARK [1][-]{section.9}{\376\377\000S\000e\000m\000a\000n\000t\000i\000c\000a\000\040\000d\000e\000l\000l\000e\000\040\000f\000o\000r\000m\000u\000l\000e\000\040\000p\000r\000o\000p\000o\000s\000i\000z\000i\000o\000n\000a\000l\000i}{}% 21
\BOOKMARK [2][-]{subsection.9.1}{\376\377\000V\000a\000l\000u\000t\000a\000z\000i\000o\000n\000e\000\040\000d\000e\000l\000l\000e\000\040\000f\000o\000r\000m\000u\000l\000e\000\040\000l\000o\000g\000i\000c\000h\000e}{section.9}% 22
\BOOKMARK [2][-]{subsection.9.2}{\376\377\000V\000a\000l\000u\000t\000a\000z\000i\000o\000n\000e\000\040\000a\000t\000o\000m\000i\000c\000a}{section.9}% 23
\BOOKMARK [2][-]{subsection.9.3}{\376\377\000T\000a\000v\000o\000l\000e\000\040\000d\000i\000\040\000v\000e\000r\000i\000t\000\340}{section.9}% 24
\BOOKMARK [3][-]{subsubsection.9.3.1}{\376\377\000T\000a\000v\000o\000l\000a\000\040\000d\000i\000\040\000v\000e\000r\000i\000t\000\340\000\040\000p\000e\000r\000\040\000O\000R\000\040}{subsection.9.3}% 25
\BOOKMARK [3][-]{subsubsection.9.3.2}{\376\377\000T\000a\000v\000o\000l\000a\000\040\000d\000i\000\040\000v\000e\000r\000i\000t\000\340\000\040\000p\000e\000r\000\040\000A\000N\000D\000\040}{subsection.9.3}% 26
\BOOKMARK [3][-]{subsubsection.9.3.3}{\376\377\000T\000a\000v\000o\000l\000a\000\040\000d\000i\000\040\000v\000e\000r\000i\000t\000\340\000\040\000p\000e\000r\000\040\000-\000>\000\040}{subsection.9.3}% 27
\BOOKMARK [2][-]{subsection.9.4}{\376\377\000E\000s\000e\000m\000p\000i\000\040\000d\000i\000\040\000t\000a\000b\000e\000l\000l\000e\000\040\000d\000i\000\040\000v\000e\000r\000i\000t\000\340}{section.9}% 28
\BOOKMARK [2][-]{subsection.9.5}{\376\377\000F\000o\000r\000m\000u\000l\000e\000\040\000p\000r\000i\000v\000i\000l\000e\000g\000i\000a\000t\000e}{section.9}% 29
\BOOKMARK [1][-]{section.10}{\376\377\000S\000t\000r\000u\000t\000t\000u\000r\000a\000\040\000e\000s\000e\000r\000c\000i\000z\000i\000\040\000d\000i\000\040\000s\000e\000m\000a\000n\000t\000i\000c\000a}{}% 30
\BOOKMARK [2][-]{subsection.10.1}{\376\377\000P\000r\000o\000v\000a\000\040\000c\000o\000n\000\040\000i\000l\000\040\000c\000o\000n\000t\000r\000o\000m\000o\000d\000e\000l\000l\000o}{section.10}% 31
\BOOKMARK [1][-]{section.11}{\376\377\000S\000o\000d\000d\000i\000s\000f\000a\000c\000i\000b\000i\000l\000i\000t\000\340\000\040\000d\000e\000l\000l\000a\000\040\000f\000o\000r\000m\000u\000l\000a}{}% 32
\BOOKMARK [1][-]{section.12}{\376\377\000C\000o\000n\000s\000e\000g\000u\000e\000n\000z\000a\000\040\000l\000o\000g\000i\000c\000a}{}% 33
\BOOKMARK [1][-]{section.13}{\376\377\000C\000o\000n\000v\000e\000n\000z\000i\000o\000n\000i}{}% 34
\BOOKMARK [2][-]{subsection.13.1}{\376\377\000R\000i\000m\000o\000z\000i\000o\000n\000e\000\040\000d\000e\000l\000l\000a\000\040\000p\000a\000r\000e\000n\000t\000e\000s\000i\000\040\000n\000e\000l\000l\000a\000\040\000s\000i\000n\000t\000a\000s\000s\000i}{section.13}% 35
\BOOKMARK [3][-]{subsubsection.13.1.1}{\376\377\000E\000s\000e\000m\000p\000i}{subsection.13.1}% 36
\BOOKMARK [1][-]{section.14}{\376\377\000D\000e\000f\000i\000n\000i\000z\000i\000o\000n\000e\000\040\000d\000i\000\040\000s\000o\000s\000t\000i\000t\000u\000z\000i\000o\000n\000e}{}% 37
\BOOKMARK [1][-]{section.15}{\376\377\000C\000o\000n\000n\000e\000t\000t\000i\000v\000i\000\040\000d\000e\000r\000i\000v\000a\000t\000i}{}% 38
\BOOKMARK [1][-]{section.16}{\376\377\000R\000e\000l\000a\000z\000i\000o\000n\000e\000\040\000d\000i\000\040\000e\000q\000u\000i\000v\000a\000l\000e\000n\000z\000a}{}% 39
\BOOKMARK [1][-]{section.17}{\376\377\000T\000a\000u\000t\000o\000l\000o\000g\000i\000e\000\040\000n\000o\000t\000e\000v\000o\000l\000i}{}% 40
\BOOKMARK [1][-]{section.18}{\376\377\000R\000A\000A\000\040\000\050\000R\000e\000d\000u\000c\000t\000i\000o\000\040\000a\000d\000\040\000a\000b\000s\000u\000r\000d\000u\000m\000\051}{}% 41
\BOOKMARK [1][-]{section.19}{\376\377\000F\000o\000r\000m\000a\000l\000i\000z\000z\000a\000z\000i\000o\000n\000e\000\040\000d\000e\000l\000l\000a\000\040\000d\000e\000d\000u\000z\000i\000o\000n\000e}{}% 42
\BOOKMARK [1][-]{section.20}{\376\377\000D\000e\000d\000u\000z\000i\000o\000n\000e\000\040\000n\000a\000t\000u\000r\000a\000l\000e}{}% 43
\BOOKMARK [2][-]{subsection.20.1}{\376\377\000R\000e\000g\000o\000l\000e\000\040\000d\000e\000l\000l\000'\000i\000m\000p\000l\000i\000c\000a\000z\000i\000o\000n\000e}{section.20}% 44
\BOOKMARK [3][-]{subsubsection.20.1.1}{\376\377\000E\000l\000i\000m\000i\000n\000a\000z\000i\000o\000n\000e\000\040}{subsection.20.1}% 45
\BOOKMARK [3][-]{subsubsection.20.1.2}{\376\377\000I\000n\000t\000r\000o\000d\000u\000z\000i\000o\000n\000e}{subsection.20.1}% 46
\BOOKMARK [3][-]{subsubsection.20.1.3}{\376\377\000I\000n\000d\000e\000b\000o\000l\000i\000m\000e\000n\000t\000o}{subsection.20.1}% 47
\BOOKMARK [3][-]{subsubsection.20.1.4}{\376\377\000E\000s\000e\000r\000c\000i\000z\000i}{subsection.20.1}% 48
\BOOKMARK [2][-]{subsection.20.2}{\376\377\000R\000e\000g\000o\000l\000e\000\040\000d\000e\000l\000l\000'\000A\000N\000D}{section.20}% 49
\BOOKMARK [3][-]{subsubsection.20.2.1}{\376\377\000I\000n\000t\000r\000o\000d\000u\000z\000i\000o\000n\000e}{subsection.20.2}% 50
\BOOKMARK [3][-]{subsubsection.20.2.2}{\376\377\000E\000l\000i\000m\000i\000n\000a\000z\000i\000o\000n\000e\000\040\000a\000\040\000d\000e\000s\000t\000r\000a}{subsection.20.2}% 51
\BOOKMARK [3][-]{subsubsection.20.2.3}{\376\377\000E\000l\000i\000m\000i\000n\000a\000z\000i\000o\000n\000e\000\040\000a\000\040\000s\000i\000n\000i\000s\000t\000r\000a}{subsection.20.2}% 52
\BOOKMARK [3][-]{subsubsection.20.2.4}{\376\377\000E\000s\000e\000r\000c\000i\000z\000i}{subsection.20.2}% 53
\BOOKMARK [2][-]{subsection.20.3}{\376\377\000R\000e\000g\000o\000l\000e\000\040\000d\000e\000l\000\040\000B\000o\000t\000t\000o\000m}{section.20}% 54
\BOOKMARK [3][-]{subsubsection.20.3.1}{\376\377\000E\000x\000\040\000f\000a\000l\000s\000o}{subsection.20.3}% 55
\BOOKMARK [3][-]{subsubsection.20.3.2}{\376\377\000R\000i\000d\000u\000z\000i\000o\000n\000e\000\040\000a\000d\000\040\000a\000s\000s\000u\000r\000d\000o}{subsection.20.3}% 56
\BOOKMARK [3][-]{subsubsection.20.3.3}{\376\377\000E\000s\000e\000r\000c\000i\000z\000i}{subsection.20.3}% 57
\BOOKMARK [2][-]{subsection.20.4}{\376\377\000R\000e\000g\000o\000l\000e\000\040\000d\000e\000l\000l\000'\000O\000R}{section.20}% 58
\BOOKMARK [3][-]{subsubsection.20.4.1}{\376\377\000I\000n\000t\000r\000o\000d\000u\000z\000i\000o\000n\000e\000\040\000a\000\040\000d\000e\000s\000t\000r\000a}{subsection.20.4}% 59
\BOOKMARK [3][-]{subsubsection.20.4.2}{\376\377\000I\000n\000t\000r\000o\000d\000u\000z\000i\000o\000n\000e\000\040\000a\000\040\000s\000i\000n\000i\000s\000t\000r\000a}{subsection.20.4}% 60
\BOOKMARK [3][-]{subsubsection.20.4.3}{\376\377\000E\000s\000e\000r\000c\000i\000z\000i}{subsection.20.4}% 61
\BOOKMARK [3][-]{subsubsection.20.4.4}{\376\377\000E\000l\000i\000m\000i\000n\000a\000z\000i\000o\000n\000e}{subsection.20.4}% 62
\BOOKMARK [2][-]{subsection.20.5}{\376\377\000C\000o\000n\000d\000i\000z\000i\000o\000n\000e\000\040\000d\000i\000\040\000d\000e\000r\000i\000v\000a\000b\000i\000l\000i\000t\000\340}{section.20}% 63
\BOOKMARK [3][-]{subsubsection.20.5.1}{\376\377\000E\000s\000e\000r\000c\000i\000z\000i}{subsection.20.5}% 64
\BOOKMARK [1][-]{section.21}{\376\377\000P\000r\000o\000v\000e\000\040\000d\000i\000r\000e\000t\000t\000e\000\040\000e\000\040\000i\000n\000d\000i\000r\000e\000t\000t\000e}{}% 65
\BOOKMARK [2][-]{subsection.21.1}{\376\377\000P\000r\000o\000v\000e\000\040\000i\000n\000d\000i\000r\000e\000t\000t\000e}{section.21}% 66
\BOOKMARK [1][-]{section.22}{\376\377\000D\000e\000f\000i\000n\000i\000z\000i\000o\000n\000e\000\040\000r\000i\000g\000o\000r\000o\000s\000a\000\040\000d\000i\000\040\000d\000e\000r\000i\000v\000a\000z\000i\000o\000n\000e}{}% 67
\BOOKMARK [1][-]{section.23}{\376\377\000D\000e\000f\000i\000n\000i\000z\000i\000o\000n\000e\000\040\000d\000i\000\040\000a\000l\000t\000e\000z\000z\000a\000\040\000d\000i\000\040\000u\000n\000a\000\040\000d\000e\000r\000i\000v\000a\000z\000i\000o\000n\000e\000\040\000h\000[\000D\000]\000\040}{}% 68
\BOOKMARK [2][-]{subsection.23.1}{\376\377\000P\000r\000i\000n\000c\000i\000p\000i\000o\000\040\000d\000i\000\040\000i\000n\000d\000u\000z\000i\000o\000n\000e\000\040\000s\000u\000l\000l\000'\000a\000l\000t\000e\000z\000z\000a\000\040\000d\000i\000\040\000u\000n\000a\000\040\000d\000e\000r\000i\000v\000a\000z\000i\000o\000n\000e}{section.23}% 69
\BOOKMARK [1][-]{section.24}{\376\377\000T\000e\000o\000r\000e\000m\000a\000\040\000d\000i\000\040\000s\000e\000m\000a\000n\000t\000i\000c\000a}{}% 70
\BOOKMARK [1][-]{section.25}{\376\377\000S\000o\000u\000n\000d\000n\000e\000s\000s\000\040\000e\000\040\000C\000o\000m\000p\000l\000e\000t\000e\000n\000e\000s\000s}{}% 71
\BOOKMARK [2][-]{subsection.25.1}{\376\377\000T\000e\000o\000r\000e\000m\000a\000\040\000d\000i\000\040\000c\000o\000r\000r\000e\000t\000t\000e\000z\000z\000a\000\040\000\050\000S\000o\000u\000n\000d\000n\000e\000s\000s\000\051}{section.25}% 72
\BOOKMARK [3][-]{subsubsection.25.1.1}{\376\377\000L\000e\000m\000m\000a\000\040\0001}{subsection.25.1}% 73
\BOOKMARK [2][-]{subsection.25.2}{\376\377\000T\000e\000o\000r\000e\000m\000a\000\040\000d\000i\000\040\000c\000o\000m\000p\000l\000e\000t\000e\000z\000z\000a\000\040\000\050\000C\000o\000m\000p\000l\000e\000t\000e\000n\000e\000s\000s\000\051}{section.25}% 74
\BOOKMARK [3][-]{subsubsection.25.2.1}{\376\377\000T\000e\000o\000r\000e\000m\000a\000\040\0000}{subsection.25.2}% 75
\BOOKMARK [3][-]{subsubsection.25.2.2}{\376\377\000P\000r\000o\000p\000o\000s\000i\000z\000i\000o\000n\000e\000\040\0001}{subsection.25.2}% 76
\BOOKMARK [3][-]{subsubsection.25.2.3}{\376\377\000T\000e\000o\000r\000e\000m\000a\000\040\0001}{subsection.25.2}% 77
\BOOKMARK [3][-]{subsubsection.25.2.4}{\376\377\000T\000e\000o\000r\000e\000m\000a\000\040\0002\000:\000\040\000C\000h\000i\000u\000s\000u\000r\000a\000\040\000p\000e\000r\000\040\000d\000e\000r\000i\000v\000a\000b\000i\000l\000i\000t\000\340}{subsection.25.2}% 78
\BOOKMARK [3][-]{subsubsection.25.2.5}{\376\377\000T\000e\000o\000r\000e\000m\000a\000\040\0003}{subsection.25.2}% 79
\BOOKMARK [3][-]{subsubsection.25.2.6}{\376\377\000T\000e\000o\000r\000e\000m\000a\000\040\0004}{subsection.25.2}% 80
\BOOKMARK [3][-]{subsubsection.25.2.7}{\376\377\000T\000e\000o\000r\000e\000m\000a\000\040\0005}{subsection.25.2}% 81
\BOOKMARK [3][-]{subsubsection.25.2.8}{\376\377\000C\000o\000r\000o\000l\000l\000a\000r\000i\000o\000\040\0001}{subsection.25.2}% 82
\BOOKMARK [3][-]{subsubsection.25.2.9}{\376\377\000T\000e\000o\000r\000e\000m\000a\000\040\0006\000\040\000\050\000C\000o\000m\000p\000l\000e\000t\000e\000z\000z\000a\000\051}{subsection.25.2}% 83
\BOOKMARK [2][-]{subsection.25.3}{\376\377\000E\000s\000t\000e\000n\000s\000i\000o\000n\000e}{section.25}% 84
\BOOKMARK [1][-]{section.26}{\376\377\000L\000o\000g\000i\000c\000a\000\040\000d\000e\000l\000\040\000p\000r\000i\000m\000o\000\040\000o\000r\000d\000i\000n\000e\000\040\000\050\000d\000e\000i\000\040\000P\000r\000e\000d\000i\000c\000a\000t\000i\000\051}{}% 85
\BOOKMARK [2][-]{subsection.26.1}{\376\377\000L\000i\000n\000g\000u\000a\000g\000g\000i\000o\000\040\000d\000i\000\040\000p\000r\000i\000m\000o\000\040\000o\000r\000d\000i\000n\000e}{section.26}% 86
\BOOKMARK [2][-]{subsection.26.2}{\376\377\000E\000n\000t\000i\000t\000\340\000\040\000s\000i\000n\000t\000a\000t\000t\000i\000c\000h\000e}{section.26}% 87
\BOOKMARK [3][-]{subsubsection.26.2.1}{\376\377\000T\000e\000r\000m\000i\000n\000i}{subsection.26.2}% 88
\BOOKMARK [3][-]{subsubsection.26.2.2}{\376\377\000F\000o\000r\000m\000u\000l\000e}{subsection.26.2}% 89
\BOOKMARK [2][-]{subsection.26.3}{\376\377\000C\000o\000n\000v\000e\000n\000z\000i\000o\000n\000e}{section.26}% 90
\BOOKMARK [3][-]{subsubsection.26.3.1}{\376\377\000C\000o\000n\000c\000e\000t\000t\000o\000\040\000d\000i\000\040\000v\000a\000r\000i\000a\000b\000i\000l\000e\000\040\000l\000i\000b\000e\000r\000a\000\040\000e\000\040\000l\000e\000g\000a\000t\000a}{subsection.26.3}% 91
\BOOKMARK [2][-]{subsection.26.4}{\376\377\000S\000o\000t\000t\000o\000t\000e\000r\000m\000i\000n\000i}{section.26}% 92
\BOOKMARK [2][-]{subsection.26.5}{\376\377\000S\000o\000t\000t\000o\000f\000o\000r\000m\000u\000l\000e}{section.26}% 93
\BOOKMARK [2][-]{subsection.26.6}{\376\377\000V\000i\000n\000c\000o\000l\000i}{section.26}% 94
\BOOKMARK [1][-]{section.27}{\376\377\000E\000s\000t\000e\000n\000s\000i\000o\000n\000e\000\040\000d\000e\000l\000l\000a\000\040\000d\000e\000d\000u\000z\000i\000o\000n\000e\000\040\000n\000a\000t\000u\000r\000a\000l\000e}{}% 95
\BOOKMARK [2][-]{subsection.27.1}{\376\377\000R\000e\000g\000o\000l\000e\000\040\000d\000e\000l\000\040\000p\000e\000r\000\040\000o\000g\000n\000i}{section.27}% 96
\BOOKMARK [3][-]{subsubsection.27.1.1}{\376\377\000I\000n\000t\000r\000o\000d\000u\000z\000i\000o\000n\000e}{subsection.27.1}% 97
\BOOKMARK [3][-]{subsubsection.27.1.2}{\376\377\000E\000l\000i\000m\000i\000n\000a\000z\000i\000o\000n\000e}{subsection.27.1}% 98
\BOOKMARK [2][-]{subsection.27.2}{\376\377\000R\000e\000g\000o\000l\000e\000\040\000d\000e\000l\000\040\000E\000s\000i\000s\000t\000e}{section.27}% 99
\BOOKMARK [3][-]{subsubsection.27.2.1}{\376\377\000I\000n\000t\000r\000o\000d\000u\000z\000i\000o\000n\000e}{subsection.27.2}% 100
\BOOKMARK [3][-]{subsubsection.27.2.2}{\376\377\000E\000l\000i\000m\000i\000n\000a\000z\000i\000o\000n\000e}{subsection.27.2}% 101
\BOOKMARK [1][-]{section.28}{\376\377\000S\000e\000m\000a\000n\000t\000i\000c\000a\000\040\000d\000e\000l\000l\000a\000\040\000l\000o\000g\000i\000c\000a\000\040\000d\000e\000l\000\040\000p\000r\000i\000m\000o\000\040\000o\000r\000d\000i\000n\000e}{}% 102
\BOOKMARK [2][-]{subsection.28.1}{\376\377\000S\000t\000r\000u\000t\000t\000u\000r\000a\000\040\000m\000a\000t\000e\000m\000a\000t\000i\000c\000a}{section.28}% 103
\BOOKMARK [2][-]{subsection.28.2}{\376\377\000V\000a\000l\000u\000t\000a\000z\000i\000o\000n\000e}{section.28}% 104
\BOOKMARK [2][-]{subsection.28.3}{\376\377\000I\000n\000t\000e\000r\000p\000r\000e\000t\000a\000z\000i\000o\000n\000e}{section.28}% 105
\BOOKMARK [2][-]{subsection.28.4}{\376\377\000R\000e\000l\000a\000z\000i\000o\000n\000e\000\040\000d\000i\000\040\000s\000o\000d\000d\000i\000s\000f\000a\000c\000i\000b\000i\000l\000i\000t\000\340}{section.28}% 106
\BOOKMARK [2][-]{subsection.28.5}{\376\377\000M\000o\000d\000e\000l\000l\000o}{section.28}% 107
\BOOKMARK [3][-]{subsubsection.28.5.1}{\376\377\000V\000a\000l\000i\000d\000i\000t\000\340}{subsection.28.5}% 108
\BOOKMARK [3][-]{subsubsection.28.5.2}{\376\377\000C\000o\000n\000s\000e\000g\000u\000e\000n\000z\000a\000\040\000l\000o\000g\000i\000c\000a}{subsection.28.5}% 109
\BOOKMARK [2][-]{subsection.28.6}{\376\377\000E\000s\000e\000r\000c\000i\000z\000i}{section.28}% 110
\BOOKMARK [2][-]{subsection.28.7}{\376\377\000E\000s\000e\000r\000c\000i\000z\000i\000\040\000c\000o\000n\000\040\000i\000l\000\040\000c\000o\000n\000t\000r\000o\000m\000o\000d\000e\000l\000l\000o}{section.28}% 111
\BOOKMARK [1][-]{section.29}{\376\377\000F\000o\000r\000m\000a\000l\000i\000z\000z\000a\000z\000i\000o\000n\000e\000\040\000d\000e\000l\000l\000a\000\040\000l\000o\000g\000i\000c\000a\000\040\000d\000e\000l\000\040\000p\000r\000i\000m\000o\000\040\000o\000r\000d\000i\000n\000e}{}% 112
\BOOKMARK [2][-]{subsection.29.1}{\376\377\000S\000t\000r\000u\000t\000t\000u\000r\000a\000\040\000d\000i\000\040\000P\000e\000a\000n\000o}{section.29}% 113
\BOOKMARK [3][-]{subsubsection.29.1.1}{\376\377\000E\000s\000e\000m\000p\000i}{subsection.29.1}% 114
\BOOKMARK [2][-]{subsection.29.2}{\376\377\000A\000l\000c\000u\000n\000e\000\040\000p\000r\000o\000p\000r\000i\000e\000t\000\340}{section.29}% 115
\BOOKMARK [3][-]{subsubsection.29.2.1}{\376\377\000E\000s\000e\000r\000c\000i\000z\000i}{subsection.29.2}% 116
\BOOKMARK [2][-]{subsection.29.3}{\376\377\000I\000d\000e\000n\000t\000i\000t\000\340}{section.29}% 117
\BOOKMARK [1][-]{section.30}{\376\377\000S\000v\000o\000l\000g\000i\000m\000e\000n\000t\000o\000\040\000t\000e\000m\000a\000\040\000d\000'\000e\000s\000a\000m\000e}{}% 118
