\BOOKMARK [1][-]{section.1}{\376\377\000I\000n\000t\000r\000o\000d\000u\000z\000i\000o\000n\000e}{}% 1
\BOOKMARK [2][-]{subsection.1.1}{\376\377\000H\000a\000r\000d\000w\000a\000r\000e}{section.1}% 2
\BOOKMARK [2][-]{subsection.1.2}{\376\377\000C\000a\000m\000p\000i\000o\000n\000a\000m\000e\000n\000t\000o\000\040\000d\000e\000i\000\040\000d\000a\000t\000i}{section.1}% 3
\BOOKMARK [1][-]{section.2}{\376\377\000S\000i\000s\000t\000e\000m\000i\000\040\000d\000i\000\040\000c\000o\000d\000i\000f\000i\000c\000a}{}% 4
\BOOKMARK [2][-]{subsection.2.1}{\376\377\000C\000o\000d\000i\000f\000i\000c\000a\000\040\000d\000i\000\040\000i\000n\000f\000o\000r\000m\000a\000z\000i\000o\000n\000i\000\040\000n\000o\000n\000\040\000n\000u\000m\000e\000r\000i\000c\000h\000e}{section.2}% 5
\BOOKMARK [2][-]{subsection.2.2}{\376\377\000N\000u\000m\000e\000r\000i\000\040\000i\000n\000t\000e\000r\000i\000\040\000a\000s\000s\000o\000l\000u\000t\000i}{section.2}% 6
\BOOKMARK [2][-]{subsection.2.3}{\376\377\000N\000u\000m\000e\000r\000i\000\040\000i\000n\000t\000e\000r\000i\000\040\000r\000e\000l\000a\000t\000i\000v\000i}{section.2}% 7
\BOOKMARK [3][-]{subsubsection.2.3.1}{\376\377\000C\000o\000d\000i\000f\000i\000c\000a\000\040\000a\000\040\000m\000o\000d\000u\000l\000o\000\040\000+\000\040\000s\000e\000g\000n\000o}{subsection.2.3}% 8
\BOOKMARK [3][-]{subsubsection.2.3.2}{\376\377\000C\000o\000d\000i\000f\000i\000c\000a\000\040\000i\000n\000\040\000c\000o\000m\000p\000l\000e\000m\000e\000n\000t\000o\000\040\000a\000\040\0002}{subsection.2.3}% 9
\BOOKMARK [1][-]{section.3}{\376\377\000N\000u\000m\000e\000r\000i\000\040\000r\000a\000z\000i\000o\000n\000a\000l\000i}{}% 10
\BOOKMARK [2][-]{subsection.3.1}{\376\377\000C\000o\000d\000i\000f\000i\000c\000a\000\040\000i\000n\000\040\000v\000i\000r\000g\000o\000l\000a\000\040\000f\000i\000s\000s\000a}{section.3}% 11
\BOOKMARK [3][-]{subsubsection.3.1.1}{\376\377\000E\000r\000r\000o\000r\000e\000\040\000p\000e\000r\000c\000e\000n\000t\000u\000a\000l\000e}{subsection.3.1}% 12
\BOOKMARK [2][-]{subsection.3.2}{\376\377\000C\000o\000d\000i\000f\000i\000c\000a\000\040\000i\000n\000\040\000v\000i\000r\000g\000o\000l\000a\000\040\000m\000o\000b\000i\000l\000e}{section.3}% 13
\BOOKMARK [3][-]{subsubsection.3.2.1}{\376\377\000D\000i\000v\000i\000s\000i\000o\000n\000e\000\040\000d\000i\000\040\000b\000i\000t\000\040\000t\000r\000a\000\040\000s\000e\000g\000n\000o\000,\000\040\000m\000a\000n\000t\000i\000s\000s\000a\000\040\000e\000d\000\040\000e\000s\000p\000o\000n\000e\000n\000t\000e}{subsection.3.2}% 14
\BOOKMARK [1][-]{section.4}{\376\377\000M\000o\000d\000e\000l\000l\000i}{}% 15
\BOOKMARK [2][-]{subsection.4.1}{\376\377\000T\000a\000b\000e\000l\000l\000e\000\040\000d\000i\000\040\000v\000e\000r\000i\000t\000\340}{section.4}% 16
\BOOKMARK [3][-]{subsubsection.4.1.1}{\376\377\000O\000p\000e\000r\000a\000t\000o\000r\000e\000\040\000p\000r\000o\000d\000o\000t\000t\000o}{subsection.4.1}% 17
\BOOKMARK [3][-]{subsubsection.4.1.2}{\376\377\000O\000p\000e\000r\000a\000t\000o\000r\000e\000\040\000s\000o\000m\000m\000a}{subsection.4.1}% 18
\BOOKMARK [3][-]{subsubsection.4.1.3}{\376\377\000O\000p\000e\000r\000a\000t\000o\000r\000e\000\040\000n\000e\000g\000a\000z\000i\000o\000n\000e}{subsection.4.1}% 19
\BOOKMARK [1][-]{section.5}{\376\377\000T\000r\000a\000n\000s\000i\000s\000t\000o\000r}{}% 20
\BOOKMARK [2][-]{subsection.5.1}{\376\377\000T\000r\000a\000n\000s\000i\000s\000t\000o\000r\000\040\000C\000M\000O\000S}{section.5}% 21
\BOOKMARK [3][-]{subsubsection.5.1.1}{\376\377\000T\000r\000a\000n\000s\000i\000s\000t\000o\000r\000\040\000N}{subsection.5.1}% 22
\BOOKMARK [3][-]{subsubsection.5.1.2}{\376\377\000T\000r\000a\000n\000s\000i\000s\000t\000o\000r\000\040\000P}{subsection.5.1}% 23
\BOOKMARK [3][-]{subsubsection.5.1.3}{\376\377\000C\000i\000r\000c\000u\000i\000t\000o\000\040\000d\000i\000\040\000n\000e\000g\000a\000z\000i\000o\000n\000e\000\040\000\050\000N\000O\000T\000\051}{subsection.5.1}% 24
\BOOKMARK [3][-]{subsubsection.5.1.4}{\376\377\000C\000i\000r\000c\000u\000i\000t\000o\000\040\000d\000e\000l\000\040\000p\000r\000o\000d\000o\000t\000t\000o\000\040\000\050\000A\000N\000D\000\051}{subsection.5.1}% 25
\BOOKMARK [3][-]{subsubsection.5.1.5}{\376\377\000C\000i\000r\000c\000u\000i\000t\000o\000\040\000d\000e\000l\000l\000a\000\040\000s\000o\000m\000m\000a\000\040\000\050\000O\000R\000\051}{subsection.5.1}% 26
\BOOKMARK [1][-]{section.6}{\376\377\000E\000s\000p\000r\000e\000s\000s\000i\000o\000n\000e\000\040\000i\000n\000\040\000s\000o\000m\000m\000a\000\040\000d\000i\000\040\000p\000r\000o\000d\000o\000t\000t\000i}{}% 27
\BOOKMARK [2][-]{subsection.6.1}{\376\377\000T\000e\000c\000n\000i\000c\000h\000e\000\040\000d\000i\000\040\000o\000t\000t\000i\000m\000i\000z\000z\000a\000z\000i\000o\000n\000e}{section.6}% 28
\BOOKMARK [2][-]{subsection.6.2}{\376\377\000T\000e\000r\000m\000i\000n\000o\000l\000o\000g\000i\000a}{section.6}% 29
\BOOKMARK [1][-]{section.7}{\376\377\000A\000s\000s\000o\000r\000b\000i\000m\000e\000n\000t\000o\000\040\000s\000v\000o\000l\000t\000o\000\040\000g\000r\000a\000f\000i\000c\000a\000m\000e\000n\000t\000e}{}% 30
\BOOKMARK [2][-]{subsection.7.1}{\376\377\000M\000a\000p\000p\000e\000\040\000d\000i\000\040\000K\000a\000r\000n\000a\000u\000g\000h}{section.7}% 31
\BOOKMARK [1][-]{section.8}{\376\377\000M\000e\000t\000o\000d\000o\000\040\000d\000i\000\040\000Q\000u\000i\000n\000e\000-\000M\000c\000C\000l\000u\000s\000k\000e\000y}{}% 32
\BOOKMARK [2][-]{subsection.8.1}{\376\377\000E\000s\000e\000m\000p\000i\000o\000\040\000c\000o\000n\000\040\000f\000u\000n\000z\000i\000o\000n\000e\000\040\000c\000o\000m\000p\000l\000e\000t\000a\000m\000e\000n\000t\000e\000\040\000s\000p\000e\000c\000i\000f\000i\000c\000a\000t\000a}{section.8}% 33
\BOOKMARK [2][-]{subsection.8.2}{\376\377\000E\000s\000e\000m\000p\000i\000o\000\040\000c\000o\000n\000\040\000f\000u\000n\000z\000i\000o\000n\000e\000\040\000p\000a\000r\000z\000i\000a\000l\000m\000e\000n\000t\000e\000\040\000s\000p\000e\000c\000i\000f\000i\000c\000a\000t\000a}{section.8}% 34
\BOOKMARK [1][-]{section.9}{\376\377\000C\000i\000r\000c\000u\000i\000t\000i\000\040\000C\000o\000m\000b\000i\000n\000a\000t\000o\000r\000i}{}% 35
\BOOKMARK [2][-]{subsubsection.9.0.1}{\376\377\000P\000L\000A\000\040\000\050\000P\000r\000o\000g\000r\000a\000m\000m\000a\000b\000l\000e\000\040\000L\000o\000g\000i\000c\000\040\000A\000r\000r\000a\000y\000\051}{section.9}% 36
\BOOKMARK [3][-]{subsubsection.9.0.2}{\376\377\000C\000P\000L\000D\000\040\000\050\000C\000o\000m\000p\000l\000e\000x\000\040\000P\000r\000o\000g\000r\000a\000m\000m\000a\000b\000l\000e\000\040\000L\000o\000g\000i\000c\000\040\000D\000e\000v\000i\000c\000e\000\051}{subsubsection.9.0.1}% 37
\BOOKMARK [3][-]{subsubsection.9.0.3}{\376\377\000F\000P\000G\000A\000\040\000\050\000F\000i\000e\000l\000d\000\040\000P\000r\000o\000g\000r\000a\000m\000m\000a\000b\000l\000e\000\040\000G\000a\000t\000e\000\040\000A\000r\000r\000a\000y\000\051}{subsubsection.9.0.1}% 38
\BOOKMARK [3][-]{subsubsection.9.0.4}{\376\377\000S\000o\000C\000\040\000\050\000S\000y\000s\000t\000e\000m\000\040\000o\000n\000\040\000C\000h\000i\000p\000\051}{subsubsection.9.0.1}% 39
\BOOKMARK [1][-]{section.10}{\376\377\000L\000a\000b\000o\000r\000a\000t\000o\000r\000i\000o}{}% 40
\BOOKMARK [2][-]{subsection.10.1}{\376\377\000M\000o\000d\000e\000l\000l\000a\000z\000i\000o\000n\000e\000\040\000i\000n\000\040\000S\000I\000S}{section.10}% 41
\BOOKMARK [2][-]{subsection.10.2}{\376\377\000O\000t\000t\000i\000m\000i\000z\000z\000a\000z\000i\000o\000n\000e}{section.10}% 42
\BOOKMARK [2][-]{subsection.10.3}{\376\377\000M\000o\000d\000e\000l\000l\000i\000\040\000g\000e\000r\000a\000r\000c\000h\000i\000c\000i}{section.10}% 43
\BOOKMARK [2][-]{subsection.10.4}{\376\377\000O\000t\000t\000i\000m\000i\000z\000z\000a\000z\000i\000o\000n\000e\000\040\000a\000p\000p\000r\000o\000s\000s\000i\000m\000a\000t\000a\000\040\000m\000u\000l\000t\000i\000l\000i\000v\000e\000l\000l\000o}{section.10}% 44
\BOOKMARK [2][-]{subsection.10.5}{\376\377\000M\000a\000p\000p\000i\000n\000g\000\040\000t\000e\000c\000n\000o\000l\000o\000g\000i\000c\000o}{section.10}% 45
\BOOKMARK [2][-]{subsection.10.6}{\376\377\000S\000i\000n\000t\000e\000s\000i\000\040\000a\000\040\000N\000\040\000l\000i\000v\000e\000l\000l\000i}{section.10}% 46
\BOOKMARK [3][-]{subsubsection.10.6.1}{\376\377\000N\000e\000t\000w\000o\000r\000k}{subsection.10.6}% 47
\BOOKMARK [3][-]{subsubsection.10.6.2}{\376\377\000A\000l\000g\000o\000r\000i\000t\000m\000i}{subsection.10.6}% 48
\BOOKMARK [2][-]{subsection.10.7}{\376\377\000S\000c\000r\000i\000p\000t}{section.10}% 49
\BOOKMARK [3][-]{subsubsection.10.7.1}{\376\377\000f\000u\000l\000l\000\137\000s\000i\000m\000p\000l\000i\000f\000y}{subsection.10.7}% 50
\BOOKMARK [2][-]{subsection.10.8}{\376\377\000M\000o\000d\000e\000l\000l\000a\000z\000i\000o\000n\000e\000\040\000i\000n\000\040\000V\000e\000r\000i\000l\000o\000g}{section.10}% 51
\BOOKMARK [3][-]{subsubsection.10.8.1}{\376\377\000T\000i\000p\000i\000\040\000d\000i\000\040\000d\000a\000t\000o}{subsection.10.8}% 52
\BOOKMARK [3][-]{subsubsection.10.8.2}{\376\377\000M\000o\000d\000u\000l\000i\000\040\000e\000\040\000i\000n\000t\000e\000r\000f\000a\000c\000c\000e}{subsection.10.8}% 53
\BOOKMARK [3][-]{subsubsection.10.8.3}{\376\377\000C\000o\000s\000t\000r\000u\000t\000t\000i\000\040\000c\000o\000n\000d\000i\000z\000i\000o\000n\000a\000l\000i\000\040\000e\000\040\000c\000i\000c\000l\000i}{subsection.10.8}% 54
\BOOKMARK [3][-]{subsubsection.10.8.4}{\376\377\000A\000s\000s\000e\000g\000n\000a\000m\000e\000n\000t\000i}{subsection.10.8}% 55
\BOOKMARK [3][-]{subsubsection.10.8.5}{\376\377\000E\000s\000e\000m\000p\000i}{subsection.10.8}% 56
\BOOKMARK [3][-]{subsubsection.10.8.6}{\376\377\000T\000e\000s\000t\000b\000e\000n\000c\000h}{subsection.10.8}% 57
\BOOKMARK [3][-]{subsubsection.10.8.7}{\376\377\000S\000i\000m\000u\000l\000a\000z\000i\000o\000n\000e\000\040\000d\000i\000\040\000V\000e\000r\000i\000l\000o\000g}{subsection.10.8}% 58
\BOOKMARK [1][-]{section.11}{\376\377\000H\000a\000r\000d\000w\000a\000r\000e\000\040\000d\000e\000s\000i\000g\000n\000\040\000s\000u\000\040\000F\000P\000G\000A\000\040\000c\000o\000n\000\040\000H\000D\000L}{}% 59
\BOOKMARK [2][-]{subsection.11.1}{\376\377\000E\000D\000A\000\040\000\050\000E\000l\000e\000c\000t\000r\000o\000n\000i\000c\000\040\000D\000e\000s\000i\000g\000n\000\040\000A\000u\000t\000o\000m\000a\000t\000i\000o\000n\000\051}{section.11}% 60
\BOOKMARK [1][-]{section.12}{\376\377\000C\000i\000r\000c\000u\000i\000t\000i\000\040\000s\000e\000q\000u\000e\000n\000z\000i\000a\000l\000i}{}% 61
\BOOKMARK [2][-]{subsection.12.1}{\376\377\000A\000s\000t\000r\000a\000z\000i\000o\000n\000e}{section.12}% 62
\BOOKMARK [1][-]{section.13}{\376\377\000M\000a\000c\000c\000h\000i\000n\000e\000\040\000a\000\040\000s\000t\000a\000t\000i\000\040\000f\000i\000n\000i\000t\000i\000\040\000\050\000F\000S\000M\000\051}{}% 63
\BOOKMARK [2][-]{subsection.13.1}{\376\377\000R\000a\000p\000p\000r\000e\000s\000e\000n\000t\000a\000z\000i\000o\000n\000e\000\040\000d\000e\000l\000l\000e\000\040\000F\000S\000M}{section.13}% 64
\BOOKMARK [3][-]{subsubsection.13.1.1}{\376\377\000S\000t\000a\000t\000e\000\040\000T\000r\000a\000n\000s\000i\000t\000i\000o\000n\000\040\000T\000a\000b\000l\000e\000\040\000\050\000S\000T\000T\000\051}{subsection.13.1}% 65
\BOOKMARK [3][-]{subsubsection.13.1.2}{\376\377\000S\000t\000a\000t\000e\000\040\000T\000r\000a\000n\000s\000i\000t\000i\000o\000n\000\040\000g\000r\000a\000p\000h\000\040\000\050\000S\000T\000G\000\051}{subsection.13.1}% 66
\BOOKMARK [2][-]{subsection.13.2}{\376\377\000M\000o\000d\000e\000l\000l\000o\000\040\000d\000i\000\040\000H\000u\000f\000f\000m\000a\000n}{section.13}% 67
\BOOKMARK [2][-]{subsection.13.3}{\376\377\000C\000o\000d\000i\000f\000i\000c\000a\000\040\000d\000e\000g\000l\000i\000\040\000s\000t\000a\000t\000i}{section.13}% 68
\BOOKMARK [1][-]{section.14}{\376\377\000E\000q\000u\000i\000v\000a\000l\000e\000n\000z\000a\000\040\000t\000r\000a\000\040\000m\000a\000c\000c\000h\000i\000n\000a\000\040\000a\000\040\000s\000t\000a\000t\000i}{}% 69
\BOOKMARK [2][-]{subsection.14.1}{\376\377\000M\000a\000c\000c\000h\000i\000n\000a\000\040\000m\000i\000n\000i\000m\000a}{section.14}% 70
\BOOKMARK [1][-]{section.15}{\376\377\000A\000l\000g\000o\000r\000i\000t\000m\000o\000\040\000d\000i\000\040\000P\000a\000u\000l\000l\000-\000U\000n\000g\000e\000r}{}% 71
\BOOKMARK [2][-]{subsubsection.15.0.1}{\376\377\000E\000s\000e\000m\000p\000i}{section.15}% 72
\BOOKMARK [2][-]{subsection.15.1}{\376\377\000C\000o\000m\000p\000a\000t\000i\000b\000i\000l\000i\000t\000\340}{section.15}% 73
